[2021-11-22 06:37:05,767] {processor.py:163} INFO - Started process (PID=47237) to work on /Users/macca/Documents/airflow/venv/lib/python3.8/site-packages/airflow/example_dags/example_kubernetes_executor_config.py
[2021-11-22 06:37:05,768] {processor.py:625} INFO - Processing file /Users/macca/Documents/airflow/venv/lib/python3.8/site-packages/airflow/example_dags/example_kubernetes_executor_config.py for tasks to queue
[2021-11-22 06:37:05,771] {logging_mixin.py:109} INFO - [2021-11-22 06:37:05,770] {dagbag.py:500} INFO - Filling up the DagBag from /Users/macca/Documents/airflow/venv/lib/python3.8/site-packages/airflow/example_dags/example_kubernetes_executor_config.py
[2021-11-22 06:37:05,867] {logging_mixin.py:109} INFO - [2021-11-22 06:37:05,866] {example_kubernetes_executor_config.py:171} WARNING - Could not import DAGs in example_kubernetes_executor_config.py: No module named 'kubernetes'
[2021-11-22 06:37:05,867] {logging_mixin.py:109} INFO - [2021-11-22 06:37:05,867] {example_kubernetes_executor_config.py:172} WARNING - Install kubernetes dependencies with: pip install apache-airflow['cncf.kubernetes']
[2021-11-22 06:37:06,110] {processor.py:639} WARNING - No viable dags retrieved from /Users/macca/Documents/airflow/venv/lib/python3.8/site-packages/airflow/example_dags/example_kubernetes_executor_config.py
[2021-11-22 06:37:06,122] {processor.py:171} INFO - Processing /Users/macca/Documents/airflow/venv/lib/python3.8/site-packages/airflow/example_dags/example_kubernetes_executor_config.py took 0.360 seconds
[2021-11-22 06:40:16,305] {processor.py:163} INFO - Started process (PID=48309) to work on /Users/macca/Documents/airflow/venv/lib/python3.8/site-packages/airflow/example_dags/example_kubernetes_executor_config.py
[2021-11-22 06:40:16,306] {processor.py:625} INFO - Processing file /Users/macca/Documents/airflow/venv/lib/python3.8/site-packages/airflow/example_dags/example_kubernetes_executor_config.py for tasks to queue
[2021-11-22 06:40:16,308] {logging_mixin.py:109} INFO - [2021-11-22 06:40:16,308] {dagbag.py:500} INFO - Filling up the DagBag from /Users/macca/Documents/airflow/venv/lib/python3.8/site-packages/airflow/example_dags/example_kubernetes_executor_config.py
[2021-11-22 06:40:16,438] {logging_mixin.py:109} INFO - [2021-11-22 06:40:16,437] {example_kubernetes_executor_config.py:171} WARNING - Could not import DAGs in example_kubernetes_executor_config.py: No module named 'kubernetes'
[2021-11-22 06:40:16,438] {logging_mixin.py:109} INFO - [2021-11-22 06:40:16,438] {example_kubernetes_executor_config.py:172} WARNING - Install kubernetes dependencies with: pip install apache-airflow['cncf.kubernetes']
[2021-11-22 06:40:16,724] {processor.py:639} WARNING - No viable dags retrieved from /Users/macca/Documents/airflow/venv/lib/python3.8/site-packages/airflow/example_dags/example_kubernetes_executor_config.py
[2021-11-22 06:40:16,741] {processor.py:171} INFO - Processing /Users/macca/Documents/airflow/venv/lib/python3.8/site-packages/airflow/example_dags/example_kubernetes_executor_config.py took 0.441 seconds
[2021-11-22 06:43:43,715] {processor.py:163} INFO - Started process (PID=49840) to work on /Users/macca/Documents/airflow/venv/lib/python3.8/site-packages/airflow/example_dags/example_kubernetes_executor_config.py
[2021-11-22 06:43:43,716] {processor.py:625} INFO - Processing file /Users/macca/Documents/airflow/venv/lib/python3.8/site-packages/airflow/example_dags/example_kubernetes_executor_config.py for tasks to queue
[2021-11-22 06:43:43,718] {logging_mixin.py:109} INFO - [2021-11-22 06:43:43,717] {dagbag.py:500} INFO - Filling up the DagBag from /Users/macca/Documents/airflow/venv/lib/python3.8/site-packages/airflow/example_dags/example_kubernetes_executor_config.py
[2021-11-22 06:43:43,834] {logging_mixin.py:109} INFO - [2021-11-22 06:43:43,832] {example_kubernetes_executor_config.py:171} WARNING - Could not import DAGs in example_kubernetes_executor_config.py: No module named 'kubernetes'
[2021-11-22 06:43:43,835] {logging_mixin.py:109} INFO - [2021-11-22 06:43:43,835] {example_kubernetes_executor_config.py:172} WARNING - Install kubernetes dependencies with: pip install apache-airflow['cncf.kubernetes']
[2021-11-22 06:43:44,155] {processor.py:639} WARNING - No viable dags retrieved from /Users/macca/Documents/airflow/venv/lib/python3.8/site-packages/airflow/example_dags/example_kubernetes_executor_config.py
[2021-11-22 06:43:44,170] {processor.py:171} INFO - Processing /Users/macca/Documents/airflow/venv/lib/python3.8/site-packages/airflow/example_dags/example_kubernetes_executor_config.py took 0.460 seconds
[2021-11-22 06:48:31,497] {processor.py:163} INFO - Started process (PID=51585) to work on /Users/macca/Documents/airflow/venv/lib/python3.8/site-packages/airflow/example_dags/example_kubernetes_executor_config.py
[2021-11-22 06:48:31,498] {processor.py:625} INFO - Processing file /Users/macca/Documents/airflow/venv/lib/python3.8/site-packages/airflow/example_dags/example_kubernetes_executor_config.py for tasks to queue
[2021-11-22 06:48:31,500] {logging_mixin.py:109} INFO - [2021-11-22 06:48:31,500] {dagbag.py:500} INFO - Filling up the DagBag from /Users/macca/Documents/airflow/venv/lib/python3.8/site-packages/airflow/example_dags/example_kubernetes_executor_config.py
[2021-11-22 06:48:31,620] {logging_mixin.py:109} INFO - [2021-11-22 06:48:31,619] {example_kubernetes_executor_config.py:171} WARNING - Could not import DAGs in example_kubernetes_executor_config.py: No module named 'kubernetes'
[2021-11-22 06:48:31,621] {logging_mixin.py:109} INFO - [2021-11-22 06:48:31,621] {example_kubernetes_executor_config.py:172} WARNING - Install kubernetes dependencies with: pip install apache-airflow['cncf.kubernetes']
[2021-11-22 06:48:31,875] {processor.py:639} WARNING - No viable dags retrieved from /Users/macca/Documents/airflow/venv/lib/python3.8/site-packages/airflow/example_dags/example_kubernetes_executor_config.py
[2021-11-22 06:48:31,900] {processor.py:171} INFO - Processing /Users/macca/Documents/airflow/venv/lib/python3.8/site-packages/airflow/example_dags/example_kubernetes_executor_config.py took 0.412 seconds
[2021-11-22 06:53:35,057] {processor.py:163} INFO - Started process (PID=53396) to work on /Users/macca/Documents/airflow/venv/lib/python3.8/site-packages/airflow/example_dags/example_kubernetes_executor_config.py
[2021-11-22 06:53:35,059] {processor.py:625} INFO - Processing file /Users/macca/Documents/airflow/venv/lib/python3.8/site-packages/airflow/example_dags/example_kubernetes_executor_config.py for tasks to queue
[2021-11-22 06:53:35,062] {logging_mixin.py:109} INFO - [2021-11-22 06:53:35,062] {dagbag.py:500} INFO - Filling up the DagBag from /Users/macca/Documents/airflow/venv/lib/python3.8/site-packages/airflow/example_dags/example_kubernetes_executor_config.py
[2021-11-22 06:53:35,160] {logging_mixin.py:109} INFO - [2021-11-22 06:53:35,160] {example_kubernetes_executor_config.py:171} WARNING - Could not import DAGs in example_kubernetes_executor_config.py: No module named 'kubernetes'
[2021-11-22 06:53:35,161] {logging_mixin.py:109} INFO - [2021-11-22 06:53:35,161] {example_kubernetes_executor_config.py:172} WARNING - Install kubernetes dependencies with: pip install apache-airflow['cncf.kubernetes']
[2021-11-22 06:53:35,392] {processor.py:639} WARNING - No viable dags retrieved from /Users/macca/Documents/airflow/venv/lib/python3.8/site-packages/airflow/example_dags/example_kubernetes_executor_config.py
[2021-11-22 06:53:35,405] {processor.py:171} INFO - Processing /Users/macca/Documents/airflow/venv/lib/python3.8/site-packages/airflow/example_dags/example_kubernetes_executor_config.py took 0.353 seconds
[2021-11-22 06:59:11,345] {processor.py:163} INFO - Started process (PID=55169) to work on /Users/macca/Documents/airflow/venv/lib/python3.8/site-packages/airflow/example_dags/example_kubernetes_executor_config.py
[2021-11-22 06:59:11,347] {processor.py:625} INFO - Processing file /Users/macca/Documents/airflow/venv/lib/python3.8/site-packages/airflow/example_dags/example_kubernetes_executor_config.py for tasks to queue
[2021-11-22 06:59:11,349] {logging_mixin.py:109} INFO - [2021-11-22 06:59:11,348] {dagbag.py:500} INFO - Filling up the DagBag from /Users/macca/Documents/airflow/venv/lib/python3.8/site-packages/airflow/example_dags/example_kubernetes_executor_config.py
[2021-11-22 06:59:11,453] {logging_mixin.py:109} INFO - [2021-11-22 06:59:11,452] {example_kubernetes_executor_config.py:171} WARNING - Could not import DAGs in example_kubernetes_executor_config.py: No module named 'kubernetes'
[2021-11-22 06:59:11,455] {logging_mixin.py:109} INFO - [2021-11-22 06:59:11,455] {example_kubernetes_executor_config.py:172} WARNING - Install kubernetes dependencies with: pip install apache-airflow['cncf.kubernetes']
[2021-11-22 06:59:11,731] {processor.py:639} WARNING - No viable dags retrieved from /Users/macca/Documents/airflow/venv/lib/python3.8/site-packages/airflow/example_dags/example_kubernetes_executor_config.py
[2021-11-22 06:59:11,747] {processor.py:171} INFO - Processing /Users/macca/Documents/airflow/venv/lib/python3.8/site-packages/airflow/example_dags/example_kubernetes_executor_config.py took 0.407 seconds
[2021-11-22 07:04:18,540] {processor.py:163} INFO - Started process (PID=56946) to work on /Users/macca/Documents/airflow/venv/lib/python3.8/site-packages/airflow/example_dags/example_kubernetes_executor_config.py
[2021-11-22 07:04:18,541] {processor.py:625} INFO - Processing file /Users/macca/Documents/airflow/venv/lib/python3.8/site-packages/airflow/example_dags/example_kubernetes_executor_config.py for tasks to queue
[2021-11-22 07:04:18,542] {logging_mixin.py:109} INFO - [2021-11-22 07:04:18,542] {dagbag.py:500} INFO - Filling up the DagBag from /Users/macca/Documents/airflow/venv/lib/python3.8/site-packages/airflow/example_dags/example_kubernetes_executor_config.py
[2021-11-22 07:04:18,614] {logging_mixin.py:109} INFO - [2021-11-22 07:04:18,613] {example_kubernetes_executor_config.py:171} WARNING - Could not import DAGs in example_kubernetes_executor_config.py: No module named 'kubernetes'
[2021-11-22 07:04:18,614] {logging_mixin.py:109} INFO - [2021-11-22 07:04:18,614] {example_kubernetes_executor_config.py:172} WARNING - Install kubernetes dependencies with: pip install apache-airflow['cncf.kubernetes']
[2021-11-22 07:04:18,870] {processor.py:639} WARNING - No viable dags retrieved from /Users/macca/Documents/airflow/venv/lib/python3.8/site-packages/airflow/example_dags/example_kubernetes_executor_config.py
[2021-11-22 07:04:18,881] {processor.py:171} INFO - Processing /Users/macca/Documents/airflow/venv/lib/python3.8/site-packages/airflow/example_dags/example_kubernetes_executor_config.py took 0.346 seconds
[2021-11-22 07:08:42,658] {processor.py:163} INFO - Started process (PID=58525) to work on /Users/macca/Documents/airflow/venv/lib/python3.8/site-packages/airflow/example_dags/example_kubernetes_executor_config.py
[2021-11-22 07:08:42,661] {processor.py:625} INFO - Processing file /Users/macca/Documents/airflow/venv/lib/python3.8/site-packages/airflow/example_dags/example_kubernetes_executor_config.py for tasks to queue
[2021-11-22 07:08:42,663] {logging_mixin.py:109} INFO - [2021-11-22 07:08:42,663] {dagbag.py:500} INFO - Filling up the DagBag from /Users/macca/Documents/airflow/venv/lib/python3.8/site-packages/airflow/example_dags/example_kubernetes_executor_config.py
[2021-11-22 07:08:42,802] {logging_mixin.py:109} INFO - [2021-11-22 07:08:42,801] {example_kubernetes_executor_config.py:171} WARNING - Could not import DAGs in example_kubernetes_executor_config.py: No module named 'kubernetes'
[2021-11-22 07:08:42,802] {logging_mixin.py:109} INFO - [2021-11-22 07:08:42,802] {example_kubernetes_executor_config.py:172} WARNING - Install kubernetes dependencies with: pip install apache-airflow['cncf.kubernetes']
[2021-11-22 07:08:43,474] {processor.py:639} WARNING - No viable dags retrieved from /Users/macca/Documents/airflow/venv/lib/python3.8/site-packages/airflow/example_dags/example_kubernetes_executor_config.py
[2021-11-22 07:08:43,495] {processor.py:171} INFO - Processing /Users/macca/Documents/airflow/venv/lib/python3.8/site-packages/airflow/example_dags/example_kubernetes_executor_config.py took 0.845 seconds
