[2021-11-21 12:35:32,370] {taskinstance.py:1035} INFO - Dependencies all met for <TaskInstance: example_bash_operator.runme_1 backfill__2021-11-21T00:00:00+00:00 [queued]>
[2021-11-21 12:35:32,385] {taskinstance.py:1035} INFO - Dependencies all met for <TaskInstance: example_bash_operator.runme_1 backfill__2021-11-21T00:00:00+00:00 [queued]>
[2021-11-21 12:35:32,386] {taskinstance.py:1241} INFO - 
--------------------------------------------------------------------------------
[2021-11-21 12:35:32,386] {taskinstance.py:1242} INFO - Starting attempt 1 of 1
[2021-11-21 12:35:32,386] {taskinstance.py:1243} INFO - 
--------------------------------------------------------------------------------
[2021-11-21 12:35:32,407] {taskinstance.py:1262} INFO - Executing <Task(BashOperator): runme_1> on 2021-11-21 00:00:00+00:00
[2021-11-21 12:35:32,412] {standard_task_runner.py:52} INFO - Started process 92985 to run task
[2021-11-21 12:35:32,422] {standard_task_runner.py:76} INFO - Running: ['airflow', 'tasks', 'run', 'example_bash_operator', 'runme_1', 'backfill__2021-11-21T00:00:00+00:00', '--job-id', '4', '--pool', 'default_pool', '--raw', '--subdir', '/Users/macca/Documents/airflow/venv/lib/python3.8/site-packages/airflow/example_dags/example_bash_operator.py', '--cfg-path', '/var/folders/ck/pshs4v1n6nz0jfq8lmbn24zc0000gn/T/tmprnj7p249', '--error-file', '/var/folders/ck/pshs4v1n6nz0jfq8lmbn24zc0000gn/T/tmpn3ydfvd8']
[2021-11-21 12:35:32,425] {standard_task_runner.py:77} INFO - Job 4: Subtask runme_1
[2021-11-21 12:35:37,491] {logging_mixin.py:109} INFO - Running <TaskInstance: example_bash_operator.runme_1 backfill__2021-11-21T00:00:00+00:00 [running]> on host MacBook-Pro-de-macca.local
[2021-11-21 12:35:42,558] {logging_mixin.py:109} WARNING - /Users/macca/Documents/airflow/venv/lib/python3.8/site-packages/airflow/models/xcom.py:323 SAWarning: TypeDecorator UtcDateTime(timezone=True) will not produce a cache key because the ``cache_ok`` flag is not set to True.  Set this flag to True if this type object's state is safe to use in a cache key, or False to disable this warning.
[2021-11-21 12:35:42,577] {logging_mixin.py:109} WARNING - /Users/macca/Documents/airflow/venv/lib/python3.8/site-packages/airflow/models/renderedtifields.py:126 SAWarning: TypeDecorator UtcDateTime(timezone=True) will not produce a cache key because the ``cache_ok`` flag is not set to True.  Set this flag to True if this type object's state is safe to use in a cache key, or False to disable this warning.
[2021-11-21 12:35:42,596] {logging_mixin.py:109} WARNING - /Users/macca/Documents/airflow/venv/lib/python3.8/site-packages/airflow/models/renderedtifields.py:162 SAWarning: Coercing Subquery object into a select() for use in IN(); please pass a select() construct explicitly
[2021-11-21 12:35:42,606] {logging_mixin.py:109} WARNING - /Users/macca/Documents/airflow/venv/lib/python3.8/site-packages/airflow/models/renderedtifields.py:159 SAWarning: TypeDecorator UtcDateTime(timezone=True) will not produce a cache key because the ``cache_ok`` flag is not set to True.  Set this flag to True if this type object's state is safe to use in a cache key, or False to disable this warning.
[2021-11-21 12:35:42,615] {taskinstance.py:1427} INFO - Exporting the following env vars:
AIRFLOW_CTX_DAG_OWNER=airflow
AIRFLOW_CTX_DAG_ID=example_bash_operator
AIRFLOW_CTX_TASK_ID=runme_1
AIRFLOW_CTX_EXECUTION_DATE=2021-11-21T00:00:00+00:00
AIRFLOW_CTX_DAG_RUN_ID=backfill__2021-11-21T00:00:00+00:00
[2021-11-21 12:35:42,618] {subprocess.py:62} INFO - Tmp dir root location: 
 /var/folders/ck/pshs4v1n6nz0jfq8lmbn24zc0000gn/T
[2021-11-21 12:35:42,620] {subprocess.py:74} INFO - Running command: ['bash', '-c', 'echo "example_bash_operator__runme_1__20211121" && sleep 1']
[2021-11-21 12:35:42,638] {subprocess.py:85} INFO - Output:
[2021-11-21 12:35:42,647] {subprocess.py:89} INFO - example_bash_operator__runme_1__20211121
[2021-11-21 12:35:43,660] {subprocess.py:93} INFO - Command exited with return code 0
[2021-11-21 12:35:43,685] {logging_mixin.py:109} WARNING - /Users/macca/Documents/airflow/venv/lib/python3.8/site-packages/airflow/models/xcom.py:103 SAWarning: TypeDecorator UtcDateTime(timezone=True) will not produce a cache key because the ``cache_ok`` flag is not set to True.  Set this flag to True if this type object's state is safe to use in a cache key, or False to disable this warning.
[2021-11-21 12:35:43,737] {taskinstance.py:1270} INFO - Marking task as SUCCESS. dag_id=example_bash_operator, task_id=runme_1, execution_date=20211121T000000, start_date=20211121T153532, end_date=20211121T153543
[2021-11-21 12:35:43,819] {local_task_job.py:154} INFO - Task exited with return code 0
[2021-11-21 12:35:43,889] {local_task_job.py:264} INFO - 0 downstream tasks scheduled from follow-on schedule check
[2021-11-21 12:35:43,900] {logging_mixin.py:109} WARNING - /Users/macca/Documents/airflow/venv/lib/python3.8/site-packages/airflow/models/dag.py:1076 SADeprecationWarning: Query.value() is deprecated and will be removed in a future release.  Please use Query.with_entities() in combination with Query.scalar() (deprecated since: 1.4)
[2021-11-21 12:35:43,904] {logging_mixin.py:109} WARNING - /Users/macca/Documents/airflow/venv/lib/python3.8/site-packages/airflow/models/dag.py:1076 SADeprecationWarning: Query.values() is deprecated and will be removed in a future release.  Please use Query.with_entities() (deprecated since: 1.4)
