[2021-11-21 12:36:46,872] {taskinstance.py:1035} INFO - Dependencies all met for <TaskInstance: example_bash_operator.also_run_this backfill__2021-11-21T00:00:00+00:00 [queued]>
[2021-11-21 12:36:46,883] {taskinstance.py:1035} INFO - Dependencies all met for <TaskInstance: example_bash_operator.also_run_this backfill__2021-11-21T00:00:00+00:00 [queued]>
[2021-11-21 12:36:46,884] {taskinstance.py:1241} INFO - 
--------------------------------------------------------------------------------
[2021-11-21 12:36:46,884] {taskinstance.py:1242} INFO - Starting attempt 1 of 1
[2021-11-21 12:36:46,884] {taskinstance.py:1243} INFO - 
--------------------------------------------------------------------------------
[2021-11-21 12:36:46,906] {taskinstance.py:1262} INFO - Executing <Task(BashOperator): also_run_this> on 2021-11-21 00:00:00+00:00
[2021-11-21 12:36:46,909] {standard_task_runner.py:52} INFO - Started process 93669 to run task
[2021-11-21 12:36:46,917] {standard_task_runner.py:76} INFO - Running: ['airflow', 'tasks', 'run', 'example_bash_operator', 'also_run_this', 'backfill__2021-11-21T00:00:00+00:00', '--job-id', '6', '--pool', 'default_pool', '--raw', '--subdir', '/Users/macca/Documents/airflow/venv/lib/python3.8/site-packages/airflow/example_dags/example_bash_operator.py', '--cfg-path', '/var/folders/ck/pshs4v1n6nz0jfq8lmbn24zc0000gn/T/tmpsztn7ieq', '--error-file', '/var/folders/ck/pshs4v1n6nz0jfq8lmbn24zc0000gn/T/tmp0oav9dpc']
[2021-11-21 12:36:46,920] {standard_task_runner.py:77} INFO - Job 6: Subtask also_run_this
[2021-11-21 12:36:52,006] {logging_mixin.py:109} INFO - Running <TaskInstance: example_bash_operator.also_run_this backfill__2021-11-21T00:00:00+00:00 [running]> on host MacBook-Pro-de-macca.local
[2021-11-21 12:36:57,181] {logging_mixin.py:109} WARNING - /Users/macca/Documents/airflow/venv/lib/python3.8/site-packages/airflow/models/xcom.py:323 SAWarning: TypeDecorator UtcDateTime(timezone=True) will not produce a cache key because the ``cache_ok`` flag is not set to True.  Set this flag to True if this type object's state is safe to use in a cache key, or False to disable this warning.
[2021-11-21 12:36:57,230] {logging_mixin.py:109} WARNING - /Users/macca/Documents/airflow/venv/lib/python3.8/site-packages/airflow/models/renderedtifields.py:126 SAWarning: TypeDecorator UtcDateTime(timezone=True) will not produce a cache key because the ``cache_ok`` flag is not set to True.  Set this flag to True if this type object's state is safe to use in a cache key, or False to disable this warning.
[2021-11-21 12:36:57,279] {logging_mixin.py:109} WARNING - /Users/macca/Documents/airflow/venv/lib/python3.8/site-packages/airflow/models/renderedtifields.py:162 SAWarning: Coercing Subquery object into a select() for use in IN(); please pass a select() construct explicitly
[2021-11-21 12:36:57,300] {logging_mixin.py:109} WARNING - /Users/macca/Documents/airflow/venv/lib/python3.8/site-packages/airflow/models/renderedtifields.py:159 SAWarning: TypeDecorator UtcDateTime(timezone=True) will not produce a cache key because the ``cache_ok`` flag is not set to True.  Set this flag to True if this type object's state is safe to use in a cache key, or False to disable this warning.
[2021-11-21 12:36:57,321] {taskinstance.py:1427} INFO - Exporting the following env vars:
AIRFLOW_CTX_DAG_OWNER=airflow
AIRFLOW_CTX_DAG_ID=example_bash_operator
AIRFLOW_CTX_TASK_ID=also_run_this
AIRFLOW_CTX_EXECUTION_DATE=2021-11-21T00:00:00+00:00
AIRFLOW_CTX_DAG_RUN_ID=backfill__2021-11-21T00:00:00+00:00
[2021-11-21 12:36:57,327] {subprocess.py:62} INFO - Tmp dir root location: 
 /var/folders/ck/pshs4v1n6nz0jfq8lmbn24zc0000gn/T
[2021-11-21 12:36:57,331] {subprocess.py:74} INFO - Running command: ['bash', '-c', 'echo "run_id=backfill__2021-11-21T00:00:00+00:00 | dag_run=<DagRun example_bash_operator @ 2021-11-21 00:00:00+00:00: backfill__2021-11-21T00:00:00+00:00, externally triggered: False>"']
[2021-11-21 12:36:57,355] {subprocess.py:85} INFO - Output:
[2021-11-21 12:36:57,366] {subprocess.py:89} INFO - run_id=backfill__2021-11-21T00:00:00+00:00 | dag_run=<DagRun example_bash_operator @ 2021-11-21 00:00:00+00:00: backfill__2021-11-21T00:00:00+00:00, externally triggered: False>
[2021-11-21 12:36:57,369] {subprocess.py:93} INFO - Command exited with return code 0
[2021-11-21 12:36:57,392] {logging_mixin.py:109} WARNING - /Users/macca/Documents/airflow/venv/lib/python3.8/site-packages/airflow/models/xcom.py:103 SAWarning: TypeDecorator UtcDateTime(timezone=True) will not produce a cache key because the ``cache_ok`` flag is not set to True.  Set this flag to True if this type object's state is safe to use in a cache key, or False to disable this warning.
[2021-11-21 12:36:57,454] {taskinstance.py:1270} INFO - Marking task as SUCCESS. dag_id=example_bash_operator, task_id=also_run_this, execution_date=20211121T000000, start_date=20211121T153646, end_date=20211121T153657
[2021-11-21 12:36:57,519] {local_task_job.py:154} INFO - Task exited with return code 0
[2021-11-21 12:36:57,621] {local_task_job.py:264} INFO - 0 downstream tasks scheduled from follow-on schedule check
[2021-11-21 12:36:57,632] {logging_mixin.py:109} WARNING - /Users/macca/Documents/airflow/venv/lib/python3.8/site-packages/airflow/models/dag.py:1076 SADeprecationWarning: Query.value() is deprecated and will be removed in a future release.  Please use Query.with_entities() in combination with Query.scalar() (deprecated since: 1.4)
[2021-11-21 12:36:57,636] {logging_mixin.py:109} WARNING - /Users/macca/Documents/airflow/venv/lib/python3.8/site-packages/airflow/models/dag.py:1076 SADeprecationWarning: Query.values() is deprecated and will be removed in a future release.  Please use Query.with_entities() (deprecated since: 1.4)
