[2021-11-22 06:34:55,604] {processor.py:163} INFO - Started process (PID=46408) to work on /Users/macca/Documents/airflow/venv/lib/python3.8/site-packages/airflow/example_dags/subdags/subdag.py
[2021-11-22 06:34:55,605] {processor.py:625} INFO - Processing file /Users/macca/Documents/airflow/venv/lib/python3.8/site-packages/airflow/example_dags/subdags/subdag.py for tasks to queue
[2021-11-22 06:34:55,606] {logging_mixin.py:109} INFO - [2021-11-22 06:34:55,606] {dagbag.py:500} INFO - Filling up the DagBag from /Users/macca/Documents/airflow/venv/lib/python3.8/site-packages/airflow/example_dags/subdags/subdag.py
[2021-11-22 06:34:55,870] {processor.py:639} WARNING - No viable dags retrieved from /Users/macca/Documents/airflow/venv/lib/python3.8/site-packages/airflow/example_dags/subdags/subdag.py
[2021-11-22 06:34:55,880] {processor.py:171} INFO - Processing /Users/macca/Documents/airflow/venv/lib/python3.8/site-packages/airflow/example_dags/subdags/subdag.py took 0.280 seconds
[2021-11-22 06:35:01,785] {processor.py:163} INFO - Started process (PID=46437) to work on /Users/macca/Documents/airflow/venv/lib/python3.8/site-packages/airflow/example_dags/subdags/subdag.py
[2021-11-22 06:35:01,786] {processor.py:625} INFO - Processing file /Users/macca/Documents/airflow/venv/lib/python3.8/site-packages/airflow/example_dags/subdags/subdag.py for tasks to queue
[2021-11-22 06:35:01,788] {logging_mixin.py:109} INFO - [2021-11-22 06:35:01,788] {dagbag.py:500} INFO - Filling up the DagBag from /Users/macca/Documents/airflow/venv/lib/python3.8/site-packages/airflow/example_dags/subdags/subdag.py
[2021-11-22 06:35:02,418] {processor.py:639} WARNING - No viable dags retrieved from /Users/macca/Documents/airflow/venv/lib/python3.8/site-packages/airflow/example_dags/subdags/subdag.py
[2021-11-22 06:35:02,430] {processor.py:171} INFO - Processing /Users/macca/Documents/airflow/venv/lib/python3.8/site-packages/airflow/example_dags/subdags/subdag.py took 0.649 seconds
[2021-11-22 06:38:11,800] {processor.py:163} INFO - Started process (PID=47575) to work on /Users/macca/Documents/airflow/venv/lib/python3.8/site-packages/airflow/example_dags/subdags/subdag.py
[2021-11-22 06:38:11,802] {processor.py:625} INFO - Processing file /Users/macca/Documents/airflow/venv/lib/python3.8/site-packages/airflow/example_dags/subdags/subdag.py for tasks to queue
[2021-11-22 06:38:11,804] {logging_mixin.py:109} INFO - [2021-11-22 06:38:11,804] {dagbag.py:500} INFO - Filling up the DagBag from /Users/macca/Documents/airflow/venv/lib/python3.8/site-packages/airflow/example_dags/subdags/subdag.py
[2021-11-22 06:38:12,149] {processor.py:639} WARNING - No viable dags retrieved from /Users/macca/Documents/airflow/venv/lib/python3.8/site-packages/airflow/example_dags/subdags/subdag.py
[2021-11-22 06:38:12,165] {processor.py:171} INFO - Processing /Users/macca/Documents/airflow/venv/lib/python3.8/site-packages/airflow/example_dags/subdags/subdag.py took 0.371 seconds
[2021-11-22 06:40:45,823] {processor.py:163} INFO - Started process (PID=48513) to work on /Users/macca/Documents/airflow/venv/lib/python3.8/site-packages/airflow/example_dags/subdags/subdag.py
[2021-11-22 06:40:45,824] {processor.py:625} INFO - Processing file /Users/macca/Documents/airflow/venv/lib/python3.8/site-packages/airflow/example_dags/subdags/subdag.py for tasks to queue
[2021-11-22 06:40:45,826] {logging_mixin.py:109} INFO - [2021-11-22 06:40:45,826] {dagbag.py:500} INFO - Filling up the DagBag from /Users/macca/Documents/airflow/venv/lib/python3.8/site-packages/airflow/example_dags/subdags/subdag.py
[2021-11-22 06:40:46,043] {processor.py:639} WARNING - No viable dags retrieved from /Users/macca/Documents/airflow/venv/lib/python3.8/site-packages/airflow/example_dags/subdags/subdag.py
[2021-11-22 06:40:46,053] {processor.py:171} INFO - Processing /Users/macca/Documents/airflow/venv/lib/python3.8/site-packages/airflow/example_dags/subdags/subdag.py took 0.234 seconds
[2021-11-22 06:42:39,625] {processor.py:163} INFO - Started process (PID=49365) to work on /Users/macca/Documents/airflow/venv/lib/python3.8/site-packages/airflow/example_dags/subdags/subdag.py
[2021-11-22 06:42:39,626] {processor.py:625} INFO - Processing file /Users/macca/Documents/airflow/venv/lib/python3.8/site-packages/airflow/example_dags/subdags/subdag.py for tasks to queue
[2021-11-22 06:42:39,628] {logging_mixin.py:109} INFO - [2021-11-22 06:42:39,627] {dagbag.py:500} INFO - Filling up the DagBag from /Users/macca/Documents/airflow/venv/lib/python3.8/site-packages/airflow/example_dags/subdags/subdag.py
[2021-11-22 06:42:39,756] {processor.py:639} WARNING - No viable dags retrieved from /Users/macca/Documents/airflow/venv/lib/python3.8/site-packages/airflow/example_dags/subdags/subdag.py
[2021-11-22 06:42:39,764] {processor.py:171} INFO - Processing /Users/macca/Documents/airflow/venv/lib/python3.8/site-packages/airflow/example_dags/subdags/subdag.py took 0.143 seconds
[2021-11-22 06:43:57,352] {processor.py:163} INFO - Started process (PID=49996) to work on /Users/macca/Documents/airflow/venv/lib/python3.8/site-packages/airflow/example_dags/subdags/subdag.py
[2021-11-22 06:43:57,352] {processor.py:625} INFO - Processing file /Users/macca/Documents/airflow/venv/lib/python3.8/site-packages/airflow/example_dags/subdags/subdag.py for tasks to queue
[2021-11-22 06:43:57,354] {logging_mixin.py:109} INFO - [2021-11-22 06:43:57,353] {dagbag.py:500} INFO - Filling up the DagBag from /Users/macca/Documents/airflow/venv/lib/python3.8/site-packages/airflow/example_dags/subdags/subdag.py
[2021-11-22 06:43:57,461] {processor.py:639} WARNING - No viable dags retrieved from /Users/macca/Documents/airflow/venv/lib/python3.8/site-packages/airflow/example_dags/subdags/subdag.py
[2021-11-22 06:43:57,466] {processor.py:171} INFO - Processing /Users/macca/Documents/airflow/venv/lib/python3.8/site-packages/airflow/example_dags/subdags/subdag.py took 0.118 seconds
[2021-11-22 06:46:13,442] {processor.py:163} INFO - Started process (PID=50869) to work on /Users/macca/Documents/airflow/venv/lib/python3.8/site-packages/airflow/example_dags/subdags/subdag.py
[2021-11-22 06:46:13,445] {processor.py:625} INFO - Processing file /Users/macca/Documents/airflow/venv/lib/python3.8/site-packages/airflow/example_dags/subdags/subdag.py for tasks to queue
[2021-11-22 06:46:13,453] {logging_mixin.py:109} INFO - [2021-11-22 06:46:13,447] {dagbag.py:500} INFO - Filling up the DagBag from /Users/macca/Documents/airflow/venv/lib/python3.8/site-packages/airflow/example_dags/subdags/subdag.py
[2021-11-22 06:46:13,755] {processor.py:639} WARNING - No viable dags retrieved from /Users/macca/Documents/airflow/venv/lib/python3.8/site-packages/airflow/example_dags/subdags/subdag.py
[2021-11-22 06:46:13,767] {processor.py:171} INFO - Processing /Users/macca/Documents/airflow/venv/lib/python3.8/site-packages/airflow/example_dags/subdags/subdag.py took 0.335 seconds
[2021-11-22 06:48:57,080] {processor.py:163} INFO - Started process (PID=51746) to work on /Users/macca/Documents/airflow/venv/lib/python3.8/site-packages/airflow/example_dags/subdags/subdag.py
[2021-11-22 06:48:57,081] {processor.py:625} INFO - Processing file /Users/macca/Documents/airflow/venv/lib/python3.8/site-packages/airflow/example_dags/subdags/subdag.py for tasks to queue
[2021-11-22 06:48:57,083] {logging_mixin.py:109} INFO - [2021-11-22 06:48:57,083] {dagbag.py:500} INFO - Filling up the DagBag from /Users/macca/Documents/airflow/venv/lib/python3.8/site-packages/airflow/example_dags/subdags/subdag.py
[2021-11-22 06:48:57,332] {processor.py:639} WARNING - No viable dags retrieved from /Users/macca/Documents/airflow/venv/lib/python3.8/site-packages/airflow/example_dags/subdags/subdag.py
[2021-11-22 06:48:57,347] {processor.py:171} INFO - Processing /Users/macca/Documents/airflow/venv/lib/python3.8/site-packages/airflow/example_dags/subdags/subdag.py took 0.273 seconds
[2021-11-22 06:51:19,265] {processor.py:163} INFO - Started process (PID=52669) to work on /Users/macca/Documents/airflow/venv/lib/python3.8/site-packages/airflow/example_dags/subdags/subdag.py
[2021-11-22 06:51:19,267] {processor.py:625} INFO - Processing file /Users/macca/Documents/airflow/venv/lib/python3.8/site-packages/airflow/example_dags/subdags/subdag.py for tasks to queue
[2021-11-22 06:51:19,269] {logging_mixin.py:109} INFO - [2021-11-22 06:51:19,269] {dagbag.py:500} INFO - Filling up the DagBag from /Users/macca/Documents/airflow/venv/lib/python3.8/site-packages/airflow/example_dags/subdags/subdag.py
[2021-11-22 06:51:19,598] {processor.py:639} WARNING - No viable dags retrieved from /Users/macca/Documents/airflow/venv/lib/python3.8/site-packages/airflow/example_dags/subdags/subdag.py
[2021-11-22 06:51:19,619] {processor.py:171} INFO - Processing /Users/macca/Documents/airflow/venv/lib/python3.8/site-packages/airflow/example_dags/subdags/subdag.py took 0.360 seconds
[2021-11-22 06:54:00,041] {processor.py:163} INFO - Started process (PID=53440) to work on /Users/macca/Documents/airflow/venv/lib/python3.8/site-packages/airflow/example_dags/subdags/subdag.py
[2021-11-22 06:54:00,042] {processor.py:625} INFO - Processing file /Users/macca/Documents/airflow/venv/lib/python3.8/site-packages/airflow/example_dags/subdags/subdag.py for tasks to queue
[2021-11-22 06:54:00,045] {logging_mixin.py:109} INFO - [2021-11-22 06:54:00,044] {dagbag.py:500} INFO - Filling up the DagBag from /Users/macca/Documents/airflow/venv/lib/python3.8/site-packages/airflow/example_dags/subdags/subdag.py
[2021-11-22 06:54:00,341] {processor.py:639} WARNING - No viable dags retrieved from /Users/macca/Documents/airflow/venv/lib/python3.8/site-packages/airflow/example_dags/subdags/subdag.py
[2021-11-22 06:54:00,354] {processor.py:171} INFO - Processing /Users/macca/Documents/airflow/venv/lib/python3.8/site-packages/airflow/example_dags/subdags/subdag.py took 0.318 seconds
[2021-11-22 06:56:54,755] {processor.py:163} INFO - Started process (PID=54359) to work on /Users/macca/Documents/airflow/venv/lib/python3.8/site-packages/airflow/example_dags/subdags/subdag.py
[2021-11-22 06:56:54,756] {processor.py:625} INFO - Processing file /Users/macca/Documents/airflow/venv/lib/python3.8/site-packages/airflow/example_dags/subdags/subdag.py for tasks to queue
[2021-11-22 06:56:54,760] {logging_mixin.py:109} INFO - [2021-11-22 06:56:54,759] {dagbag.py:500} INFO - Filling up the DagBag from /Users/macca/Documents/airflow/venv/lib/python3.8/site-packages/airflow/example_dags/subdags/subdag.py
[2021-11-22 06:56:55,066] {processor.py:639} WARNING - No viable dags retrieved from /Users/macca/Documents/airflow/venv/lib/python3.8/site-packages/airflow/example_dags/subdags/subdag.py
[2021-11-22 06:56:55,080] {processor.py:171} INFO - Processing /Users/macca/Documents/airflow/venv/lib/python3.8/site-packages/airflow/example_dags/subdags/subdag.py took 0.332 seconds
[2021-11-22 06:59:33,006] {processor.py:163} INFO - Started process (PID=55213) to work on /Users/macca/Documents/airflow/venv/lib/python3.8/site-packages/airflow/example_dags/subdags/subdag.py
[2021-11-22 06:59:33,007] {processor.py:625} INFO - Processing file /Users/macca/Documents/airflow/venv/lib/python3.8/site-packages/airflow/example_dags/subdags/subdag.py for tasks to queue
[2021-11-22 06:59:33,009] {logging_mixin.py:109} INFO - [2021-11-22 06:59:33,009] {dagbag.py:500} INFO - Filling up the DagBag from /Users/macca/Documents/airflow/venv/lib/python3.8/site-packages/airflow/example_dags/subdags/subdag.py
[2021-11-22 06:59:33,260] {processor.py:639} WARNING - No viable dags retrieved from /Users/macca/Documents/airflow/venv/lib/python3.8/site-packages/airflow/example_dags/subdags/subdag.py
[2021-11-22 06:59:33,274] {processor.py:171} INFO - Processing /Users/macca/Documents/airflow/venv/lib/python3.8/site-packages/airflow/example_dags/subdags/subdag.py took 0.271 seconds
[2021-11-22 07:02:17,340] {processor.py:163} INFO - Started process (PID=56238) to work on /Users/macca/Documents/airflow/venv/lib/python3.8/site-packages/airflow/example_dags/subdags/subdag.py
[2021-11-22 07:02:17,341] {processor.py:625} INFO - Processing file /Users/macca/Documents/airflow/venv/lib/python3.8/site-packages/airflow/example_dags/subdags/subdag.py for tasks to queue
[2021-11-22 07:02:17,343] {logging_mixin.py:109} INFO - [2021-11-22 07:02:17,343] {dagbag.py:500} INFO - Filling up the DagBag from /Users/macca/Documents/airflow/venv/lib/python3.8/site-packages/airflow/example_dags/subdags/subdag.py
[2021-11-22 07:02:17,654] {processor.py:639} WARNING - No viable dags retrieved from /Users/macca/Documents/airflow/venv/lib/python3.8/site-packages/airflow/example_dags/subdags/subdag.py
[2021-11-22 07:02:17,666] {processor.py:171} INFO - Processing /Users/macca/Documents/airflow/venv/lib/python3.8/site-packages/airflow/example_dags/subdags/subdag.py took 0.333 seconds
[2021-11-22 07:04:38,535] {processor.py:163} INFO - Started process (PID=57014) to work on /Users/macca/Documents/airflow/venv/lib/python3.8/site-packages/airflow/example_dags/subdags/subdag.py
[2021-11-22 07:04:38,536] {processor.py:625} INFO - Processing file /Users/macca/Documents/airflow/venv/lib/python3.8/site-packages/airflow/example_dags/subdags/subdag.py for tasks to queue
[2021-11-22 07:04:38,538] {logging_mixin.py:109} INFO - [2021-11-22 07:04:38,537] {dagbag.py:500} INFO - Filling up the DagBag from /Users/macca/Documents/airflow/venv/lib/python3.8/site-packages/airflow/example_dags/subdags/subdag.py
[2021-11-22 07:04:38,783] {processor.py:639} WARNING - No viable dags retrieved from /Users/macca/Documents/airflow/venv/lib/python3.8/site-packages/airflow/example_dags/subdags/subdag.py
[2021-11-22 07:04:38,794] {processor.py:171} INFO - Processing /Users/macca/Documents/airflow/venv/lib/python3.8/site-packages/airflow/example_dags/subdags/subdag.py took 0.265 seconds
[2021-11-22 07:06:18,686] {processor.py:163} INFO - Started process (PID=57772) to work on /Users/macca/Documents/airflow/venv/lib/python3.8/site-packages/airflow/example_dags/subdags/subdag.py
[2021-11-22 07:06:18,687] {processor.py:625} INFO - Processing file /Users/macca/Documents/airflow/venv/lib/python3.8/site-packages/airflow/example_dags/subdags/subdag.py for tasks to queue
[2021-11-22 07:06:18,688] {logging_mixin.py:109} INFO - [2021-11-22 07:06:18,688] {dagbag.py:500} INFO - Filling up the DagBag from /Users/macca/Documents/airflow/venv/lib/python3.8/site-packages/airflow/example_dags/subdags/subdag.py
[2021-11-22 07:06:18,868] {processor.py:639} WARNING - No viable dags retrieved from /Users/macca/Documents/airflow/venv/lib/python3.8/site-packages/airflow/example_dags/subdags/subdag.py
[2021-11-22 07:06:18,890] {processor.py:171} INFO - Processing /Users/macca/Documents/airflow/venv/lib/python3.8/site-packages/airflow/example_dags/subdags/subdag.py took 0.229 seconds
