[2021-11-21 12:37:27,895] {taskinstance.py:1035} INFO - Dependencies all met for <TaskInstance: example_bash_operator.this_will_skip backfill__2021-11-21T00:00:00+00:00 [queued]>
[2021-11-21 12:37:27,937] {taskinstance.py:1035} INFO - Dependencies all met for <TaskInstance: example_bash_operator.this_will_skip backfill__2021-11-21T00:00:00+00:00 [queued]>
[2021-11-21 12:37:27,937] {taskinstance.py:1241} INFO - 
--------------------------------------------------------------------------------
[2021-11-21 12:37:27,937] {taskinstance.py:1242} INFO - Starting attempt 1 of 1
[2021-11-21 12:37:27,938] {taskinstance.py:1243} INFO - 
--------------------------------------------------------------------------------
[2021-11-21 12:37:28,011] {taskinstance.py:1262} INFO - Executing <Task(BashOperator): this_will_skip> on 2021-11-21 00:00:00+00:00
[2021-11-21 12:37:28,021] {standard_task_runner.py:52} INFO - Started process 93851 to run task
[2021-11-21 12:37:28,047] {standard_task_runner.py:76} INFO - Running: ['airflow', 'tasks', 'run', 'example_bash_operator', 'this_will_skip', 'backfill__2021-11-21T00:00:00+00:00', '--job-id', '7', '--pool', 'default_pool', '--raw', '--subdir', '/Users/macca/Documents/airflow/venv/lib/python3.8/site-packages/airflow/example_dags/example_bash_operator.py', '--cfg-path', '/var/folders/ck/pshs4v1n6nz0jfq8lmbn24zc0000gn/T/tmpiy5m6hp8', '--error-file', '/var/folders/ck/pshs4v1n6nz0jfq8lmbn24zc0000gn/T/tmpfxviwfi7']
[2021-11-21 12:37:28,056] {standard_task_runner.py:77} INFO - Job 7: Subtask this_will_skip
[2021-11-21 12:37:33,290] {logging_mixin.py:109} INFO - Running <TaskInstance: example_bash_operator.this_will_skip backfill__2021-11-21T00:00:00+00:00 [running]> on host MacBook-Pro-de-macca.local
[2021-11-21 12:37:38,436] {logging_mixin.py:109} WARNING - /Users/macca/Documents/airflow/venv/lib/python3.8/site-packages/airflow/models/xcom.py:323 SAWarning: TypeDecorator UtcDateTime(timezone=True) will not produce a cache key because the ``cache_ok`` flag is not set to True.  Set this flag to True if this type object's state is safe to use in a cache key, or False to disable this warning.
[2021-11-21 12:37:38,481] {logging_mixin.py:109} WARNING - /Users/macca/Documents/airflow/venv/lib/python3.8/site-packages/airflow/models/renderedtifields.py:126 SAWarning: TypeDecorator UtcDateTime(timezone=True) will not produce a cache key because the ``cache_ok`` flag is not set to True.  Set this flag to True if this type object's state is safe to use in a cache key, or False to disable this warning.
[2021-11-21 12:37:38,551] {logging_mixin.py:109} WARNING - /Users/macca/Documents/airflow/venv/lib/python3.8/site-packages/airflow/models/renderedtifields.py:162 SAWarning: Coercing Subquery object into a select() for use in IN(); please pass a select() construct explicitly
[2021-11-21 12:37:38,574] {logging_mixin.py:109} WARNING - /Users/macca/Documents/airflow/venv/lib/python3.8/site-packages/airflow/models/renderedtifields.py:159 SAWarning: TypeDecorator UtcDateTime(timezone=True) will not produce a cache key because the ``cache_ok`` flag is not set to True.  Set this flag to True if this type object's state is safe to use in a cache key, or False to disable this warning.
[2021-11-21 12:37:38,600] {taskinstance.py:1427} INFO - Exporting the following env vars:
AIRFLOW_CTX_DAG_OWNER=airflow
AIRFLOW_CTX_DAG_ID=example_bash_operator
AIRFLOW_CTX_TASK_ID=this_will_skip
AIRFLOW_CTX_EXECUTION_DATE=2021-11-21T00:00:00+00:00
AIRFLOW_CTX_DAG_RUN_ID=backfill__2021-11-21T00:00:00+00:00
[2021-11-21 12:37:38,606] {subprocess.py:62} INFO - Tmp dir root location: 
 /var/folders/ck/pshs4v1n6nz0jfq8lmbn24zc0000gn/T
[2021-11-21 12:37:38,611] {subprocess.py:74} INFO - Running command: ['bash', '-c', 'echo "hello world"; exit 99;']
[2021-11-21 12:37:38,660] {subprocess.py:85} INFO - Output:
[2021-11-21 12:37:38,680] {subprocess.py:89} INFO - hello world
[2021-11-21 12:37:38,683] {subprocess.py:93} INFO - Command exited with return code 99
[2021-11-21 12:37:38,693] {taskinstance.py:1359} INFO - Bash command returned exit code 99. Skipping.
[2021-11-21 12:37:38,760] {taskinstance.py:1270} INFO - Marking task as SKIPPED. dag_id=example_bash_operator, task_id=this_will_skip, execution_date=20211121T000000, start_date=20211121T153727, end_date=20211121T153738
[2021-11-21 12:37:38,828] {local_task_job.py:154} INFO - Task exited with return code 0
[2021-11-21 12:37:38,941] {local_task_job.py:264} INFO - 0 downstream tasks scheduled from follow-on schedule check
[2021-11-21 12:37:38,957] {logging_mixin.py:109} WARNING - /Users/macca/Documents/airflow/venv/lib/python3.8/site-packages/airflow/models/dag.py:1076 SADeprecationWarning: Query.value() is deprecated and will be removed in a future release.  Please use Query.with_entities() in combination with Query.scalar() (deprecated since: 1.4)
[2021-11-21 12:37:38,964] {logging_mixin.py:109} WARNING - /Users/macca/Documents/airflow/venv/lib/python3.8/site-packages/airflow/models/dag.py:1076 SADeprecationWarning: Query.values() is deprecated and will be removed in a future release.  Please use Query.with_entities() (deprecated since: 1.4)
