[2021-11-22 06:34:55,576] {processor.py:163} INFO - Started process (PID=46410) to work on /Users/macca/Documents/airflow/venv/lib/python3.8/site-packages/airflow/example_dags/plugins/workday.py
[2021-11-22 06:34:55,577] {processor.py:625} INFO - Processing file /Users/macca/Documents/airflow/venv/lib/python3.8/site-packages/airflow/example_dags/plugins/workday.py for tasks to queue
[2021-11-22 06:34:55,578] {logging_mixin.py:109} INFO - [2021-11-22 06:34:55,578] {dagbag.py:500} INFO - Filling up the DagBag from /Users/macca/Documents/airflow/venv/lib/python3.8/site-packages/airflow/example_dags/plugins/workday.py
[2021-11-22 06:34:55,858] {processor.py:639} WARNING - No viable dags retrieved from /Users/macca/Documents/airflow/venv/lib/python3.8/site-packages/airflow/example_dags/plugins/workday.py
[2021-11-22 06:34:55,867] {processor.py:171} INFO - Processing /Users/macca/Documents/airflow/venv/lib/python3.8/site-packages/airflow/example_dags/plugins/workday.py took 0.293 seconds
[2021-11-22 06:35:02,071] {processor.py:163} INFO - Started process (PID=46438) to work on /Users/macca/Documents/airflow/venv/lib/python3.8/site-packages/airflow/example_dags/plugins/workday.py
[2021-11-22 06:35:02,073] {processor.py:625} INFO - Processing file /Users/macca/Documents/airflow/venv/lib/python3.8/site-packages/airflow/example_dags/plugins/workday.py for tasks to queue
[2021-11-22 06:35:02,075] {logging_mixin.py:109} INFO - [2021-11-22 06:35:02,075] {dagbag.py:500} INFO - Filling up the DagBag from /Users/macca/Documents/airflow/venv/lib/python3.8/site-packages/airflow/example_dags/plugins/workday.py
[2021-11-22 06:35:02,439] {processor.py:639} WARNING - No viable dags retrieved from /Users/macca/Documents/airflow/venv/lib/python3.8/site-packages/airflow/example_dags/plugins/workday.py
[2021-11-22 06:35:02,453] {processor.py:171} INFO - Processing /Users/macca/Documents/airflow/venv/lib/python3.8/site-packages/airflow/example_dags/plugins/workday.py took 0.471 seconds
[2021-11-22 06:38:23,830] {processor.py:163} INFO - Started process (PID=47595) to work on /Users/macca/Documents/airflow/venv/lib/python3.8/site-packages/airflow/example_dags/plugins/workday.py
[2021-11-22 06:38:23,832] {processor.py:625} INFO - Processing file /Users/macca/Documents/airflow/venv/lib/python3.8/site-packages/airflow/example_dags/plugins/workday.py for tasks to queue
[2021-11-22 06:38:23,835] {logging_mixin.py:109} INFO - [2021-11-22 06:38:23,835] {dagbag.py:500} INFO - Filling up the DagBag from /Users/macca/Documents/airflow/venv/lib/python3.8/site-packages/airflow/example_dags/plugins/workday.py
[2021-11-22 06:38:24,228] {processor.py:639} WARNING - No viable dags retrieved from /Users/macca/Documents/airflow/venv/lib/python3.8/site-packages/airflow/example_dags/plugins/workday.py
[2021-11-22 06:38:24,246] {processor.py:171} INFO - Processing /Users/macca/Documents/airflow/venv/lib/python3.8/site-packages/airflow/example_dags/plugins/workday.py took 0.423 seconds
[2021-11-22 06:40:55,888] {processor.py:163} INFO - Started process (PID=48550) to work on /Users/macca/Documents/airflow/venv/lib/python3.8/site-packages/airflow/example_dags/plugins/workday.py
[2021-11-22 06:40:55,889] {processor.py:625} INFO - Processing file /Users/macca/Documents/airflow/venv/lib/python3.8/site-packages/airflow/example_dags/plugins/workday.py for tasks to queue
[2021-11-22 06:40:55,890] {logging_mixin.py:109} INFO - [2021-11-22 06:40:55,890] {dagbag.py:500} INFO - Filling up the DagBag from /Users/macca/Documents/airflow/venv/lib/python3.8/site-packages/airflow/example_dags/plugins/workday.py
[2021-11-22 06:40:56,130] {processor.py:639} WARNING - No viable dags retrieved from /Users/macca/Documents/airflow/venv/lib/python3.8/site-packages/airflow/example_dags/plugins/workday.py
[2021-11-22 06:40:56,142] {processor.py:171} INFO - Processing /Users/macca/Documents/airflow/venv/lib/python3.8/site-packages/airflow/example_dags/plugins/workday.py took 0.259 seconds
[2021-11-22 06:42:41,881] {processor.py:163} INFO - Started process (PID=49368) to work on /Users/macca/Documents/airflow/venv/lib/python3.8/site-packages/airflow/example_dags/plugins/workday.py
[2021-11-22 06:42:41,881] {processor.py:625} INFO - Processing file /Users/macca/Documents/airflow/venv/lib/python3.8/site-packages/airflow/example_dags/plugins/workday.py for tasks to queue
[2021-11-22 06:42:41,882] {logging_mixin.py:109} INFO - [2021-11-22 06:42:41,882] {dagbag.py:500} INFO - Filling up the DagBag from /Users/macca/Documents/airflow/venv/lib/python3.8/site-packages/airflow/example_dags/plugins/workday.py
[2021-11-22 06:42:42,008] {processor.py:639} WARNING - No viable dags retrieved from /Users/macca/Documents/airflow/venv/lib/python3.8/site-packages/airflow/example_dags/plugins/workday.py
[2021-11-22 06:42:42,016] {processor.py:171} INFO - Processing /Users/macca/Documents/airflow/venv/lib/python3.8/site-packages/airflow/example_dags/plugins/workday.py took 0.139 seconds
[2021-11-22 06:44:01,446] {processor.py:163} INFO - Started process (PID=50008) to work on /Users/macca/Documents/airflow/venv/lib/python3.8/site-packages/airflow/example_dags/plugins/workday.py
[2021-11-22 06:44:01,447] {processor.py:625} INFO - Processing file /Users/macca/Documents/airflow/venv/lib/python3.8/site-packages/airflow/example_dags/plugins/workday.py for tasks to queue
[2021-11-22 06:44:01,447] {logging_mixin.py:109} INFO - [2021-11-22 06:44:01,447] {dagbag.py:500} INFO - Filling up the DagBag from /Users/macca/Documents/airflow/venv/lib/python3.8/site-packages/airflow/example_dags/plugins/workday.py
[2021-11-22 06:44:01,548] {processor.py:639} WARNING - No viable dags retrieved from /Users/macca/Documents/airflow/venv/lib/python3.8/site-packages/airflow/example_dags/plugins/workday.py
[2021-11-22 06:44:01,554] {processor.py:171} INFO - Processing /Users/macca/Documents/airflow/venv/lib/python3.8/site-packages/airflow/example_dags/plugins/workday.py took 0.110 seconds
[2021-11-22 06:46:22,553] {processor.py:163} INFO - Started process (PID=50888) to work on /Users/macca/Documents/airflow/venv/lib/python3.8/site-packages/airflow/example_dags/plugins/workday.py
[2021-11-22 06:46:22,554] {processor.py:625} INFO - Processing file /Users/macca/Documents/airflow/venv/lib/python3.8/site-packages/airflow/example_dags/plugins/workday.py for tasks to queue
[2021-11-22 06:46:22,556] {logging_mixin.py:109} INFO - [2021-11-22 06:46:22,556] {dagbag.py:500} INFO - Filling up the DagBag from /Users/macca/Documents/airflow/venv/lib/python3.8/site-packages/airflow/example_dags/plugins/workday.py
[2021-11-22 06:46:22,930] {processor.py:639} WARNING - No viable dags retrieved from /Users/macca/Documents/airflow/venv/lib/python3.8/site-packages/airflow/example_dags/plugins/workday.py
[2021-11-22 06:46:22,944] {processor.py:171} INFO - Processing /Users/macca/Documents/airflow/venv/lib/python3.8/site-packages/airflow/example_dags/plugins/workday.py took 0.396 seconds
[2021-11-22 06:49:06,621] {processor.py:163} INFO - Started process (PID=51770) to work on /Users/macca/Documents/airflow/venv/lib/python3.8/site-packages/airflow/example_dags/plugins/workday.py
[2021-11-22 06:49:06,621] {processor.py:625} INFO - Processing file /Users/macca/Documents/airflow/venv/lib/python3.8/site-packages/airflow/example_dags/plugins/workday.py for tasks to queue
[2021-11-22 06:49:06,623] {logging_mixin.py:109} INFO - [2021-11-22 06:49:06,622] {dagbag.py:500} INFO - Filling up the DagBag from /Users/macca/Documents/airflow/venv/lib/python3.8/site-packages/airflow/example_dags/plugins/workday.py
[2021-11-22 06:49:06,927] {processor.py:639} WARNING - No viable dags retrieved from /Users/macca/Documents/airflow/venv/lib/python3.8/site-packages/airflow/example_dags/plugins/workday.py
[2021-11-22 06:49:06,936] {processor.py:171} INFO - Processing /Users/macca/Documents/airflow/venv/lib/python3.8/site-packages/airflow/example_dags/plugins/workday.py took 0.319 seconds
[2021-11-22 06:51:26,405] {processor.py:163} INFO - Started process (PID=52696) to work on /Users/macca/Documents/airflow/venv/lib/python3.8/site-packages/airflow/example_dags/plugins/workday.py
[2021-11-22 06:51:26,406] {processor.py:625} INFO - Processing file /Users/macca/Documents/airflow/venv/lib/python3.8/site-packages/airflow/example_dags/plugins/workday.py for tasks to queue
[2021-11-22 06:51:26,408] {logging_mixin.py:109} INFO - [2021-11-22 06:51:26,408] {dagbag.py:500} INFO - Filling up the DagBag from /Users/macca/Documents/airflow/venv/lib/python3.8/site-packages/airflow/example_dags/plugins/workday.py
[2021-11-22 06:51:26,563] {processor.py:639} WARNING - No viable dags retrieved from /Users/macca/Documents/airflow/venv/lib/python3.8/site-packages/airflow/example_dags/plugins/workday.py
[2021-11-22 06:51:26,574] {processor.py:171} INFO - Processing /Users/macca/Documents/airflow/venv/lib/python3.8/site-packages/airflow/example_dags/plugins/workday.py took 0.181 seconds
[2021-11-22 06:54:16,687] {processor.py:163} INFO - Started process (PID=53579) to work on /Users/macca/Documents/airflow/venv/lib/python3.8/site-packages/airflow/example_dags/plugins/workday.py
[2021-11-22 06:54:16,689] {processor.py:625} INFO - Processing file /Users/macca/Documents/airflow/venv/lib/python3.8/site-packages/airflow/example_dags/plugins/workday.py for tasks to queue
[2021-11-22 06:54:16,691] {logging_mixin.py:109} INFO - [2021-11-22 06:54:16,691] {dagbag.py:500} INFO - Filling up the DagBag from /Users/macca/Documents/airflow/venv/lib/python3.8/site-packages/airflow/example_dags/plugins/workday.py
[2021-11-22 06:54:17,388] {processor.py:639} WARNING - No viable dags retrieved from /Users/macca/Documents/airflow/venv/lib/python3.8/site-packages/airflow/example_dags/plugins/workday.py
[2021-11-22 06:54:17,405] {processor.py:171} INFO - Processing /Users/macca/Documents/airflow/venv/lib/python3.8/site-packages/airflow/example_dags/plugins/workday.py took 0.724 seconds
[2021-11-22 06:57:04,110] {processor.py:163} INFO - Started process (PID=54476) to work on /Users/macca/Documents/airflow/venv/lib/python3.8/site-packages/airflow/example_dags/plugins/workday.py
[2021-11-22 06:57:04,111] {processor.py:625} INFO - Processing file /Users/macca/Documents/airflow/venv/lib/python3.8/site-packages/airflow/example_dags/plugins/workday.py for tasks to queue
[2021-11-22 06:57:04,113] {logging_mixin.py:109} INFO - [2021-11-22 06:57:04,113] {dagbag.py:500} INFO - Filling up the DagBag from /Users/macca/Documents/airflow/venv/lib/python3.8/site-packages/airflow/example_dags/plugins/workday.py
[2021-11-22 06:57:04,373] {processor.py:639} WARNING - No viable dags retrieved from /Users/macca/Documents/airflow/venv/lib/python3.8/site-packages/airflow/example_dags/plugins/workday.py
[2021-11-22 06:57:04,388] {processor.py:171} INFO - Processing /Users/macca/Documents/airflow/venv/lib/python3.8/site-packages/airflow/example_dags/plugins/workday.py took 0.284 seconds
[2021-11-22 06:59:43,512] {processor.py:163} INFO - Started process (PID=55337) to work on /Users/macca/Documents/airflow/venv/lib/python3.8/site-packages/airflow/example_dags/plugins/workday.py
[2021-11-22 06:59:43,513] {processor.py:625} INFO - Processing file /Users/macca/Documents/airflow/venv/lib/python3.8/site-packages/airflow/example_dags/plugins/workday.py for tasks to queue
[2021-11-22 06:59:43,517] {logging_mixin.py:109} INFO - [2021-11-22 06:59:43,516] {dagbag.py:500} INFO - Filling up the DagBag from /Users/macca/Documents/airflow/venv/lib/python3.8/site-packages/airflow/example_dags/plugins/workday.py
[2021-11-22 06:59:43,759] {processor.py:639} WARNING - No viable dags retrieved from /Users/macca/Documents/airflow/venv/lib/python3.8/site-packages/airflow/example_dags/plugins/workday.py
[2021-11-22 06:59:43,773] {processor.py:171} INFO - Processing /Users/macca/Documents/airflow/venv/lib/python3.8/site-packages/airflow/example_dags/plugins/workday.py took 0.270 seconds
[2021-11-22 07:02:25,770] {processor.py:163} INFO - Started process (PID=56257) to work on /Users/macca/Documents/airflow/venv/lib/python3.8/site-packages/airflow/example_dags/plugins/workday.py
[2021-11-22 07:02:25,771] {processor.py:625} INFO - Processing file /Users/macca/Documents/airflow/venv/lib/python3.8/site-packages/airflow/example_dags/plugins/workday.py for tasks to queue
[2021-11-22 07:02:25,773] {logging_mixin.py:109} INFO - [2021-11-22 07:02:25,773] {dagbag.py:500} INFO - Filling up the DagBag from /Users/macca/Documents/airflow/venv/lib/python3.8/site-packages/airflow/example_dags/plugins/workday.py
[2021-11-22 07:02:26,055] {processor.py:639} WARNING - No viable dags retrieved from /Users/macca/Documents/airflow/venv/lib/python3.8/site-packages/airflow/example_dags/plugins/workday.py
[2021-11-22 07:02:26,067] {processor.py:171} INFO - Processing /Users/macca/Documents/airflow/venv/lib/python3.8/site-packages/airflow/example_dags/plugins/workday.py took 0.301 seconds
[2021-11-22 07:04:51,084] {processor.py:163} INFO - Started process (PID=57036) to work on /Users/macca/Documents/airflow/venv/lib/python3.8/site-packages/airflow/example_dags/plugins/workday.py
[2021-11-22 07:04:51,086] {processor.py:625} INFO - Processing file /Users/macca/Documents/airflow/venv/lib/python3.8/site-packages/airflow/example_dags/plugins/workday.py for tasks to queue
[2021-11-22 07:04:51,088] {logging_mixin.py:109} INFO - [2021-11-22 07:04:51,087] {dagbag.py:500} INFO - Filling up the DagBag from /Users/macca/Documents/airflow/venv/lib/python3.8/site-packages/airflow/example_dags/plugins/workday.py
[2021-11-22 07:04:51,312] {processor.py:639} WARNING - No viable dags retrieved from /Users/macca/Documents/airflow/venv/lib/python3.8/site-packages/airflow/example_dags/plugins/workday.py
[2021-11-22 07:04:51,333] {processor.py:171} INFO - Processing /Users/macca/Documents/airflow/venv/lib/python3.8/site-packages/airflow/example_dags/plugins/workday.py took 0.255 seconds
[2021-11-22 07:06:26,021] {processor.py:163} INFO - Started process (PID=57886) to work on /Users/macca/Documents/airflow/venv/lib/python3.8/site-packages/airflow/example_dags/plugins/workday.py
[2021-11-22 07:06:26,022] {processor.py:625} INFO - Processing file /Users/macca/Documents/airflow/venv/lib/python3.8/site-packages/airflow/example_dags/plugins/workday.py for tasks to queue
[2021-11-22 07:06:26,024] {logging_mixin.py:109} INFO - [2021-11-22 07:06:26,024] {dagbag.py:500} INFO - Filling up the DagBag from /Users/macca/Documents/airflow/venv/lib/python3.8/site-packages/airflow/example_dags/plugins/workday.py
[2021-11-22 07:06:26,272] {processor.py:639} WARNING - No viable dags retrieved from /Users/macca/Documents/airflow/venv/lib/python3.8/site-packages/airflow/example_dags/plugins/workday.py
[2021-11-22 07:06:26,285] {processor.py:171} INFO - Processing /Users/macca/Documents/airflow/venv/lib/python3.8/site-packages/airflow/example_dags/plugins/workday.py took 0.271 seconds
