[2021-11-21 12:38:09,079] {taskinstance.py:1035} INFO - Dependencies all met for <TaskInstance: example_bash_operator.run_after_loop backfill__2021-11-21T00:00:00+00:00 [queued]>
[2021-11-21 12:38:09,115] {taskinstance.py:1035} INFO - Dependencies all met for <TaskInstance: example_bash_operator.run_after_loop backfill__2021-11-21T00:00:00+00:00 [queued]>
[2021-11-21 12:38:09,116] {taskinstance.py:1241} INFO - 
--------------------------------------------------------------------------------
[2021-11-21 12:38:09,116] {taskinstance.py:1242} INFO - Starting attempt 1 of 1
[2021-11-21 12:38:09,116] {taskinstance.py:1243} INFO - 
--------------------------------------------------------------------------------
[2021-11-21 12:38:09,175] {taskinstance.py:1262} INFO - Executing <Task(BashOperator): run_after_loop> on 2021-11-21 00:00:00+00:00
[2021-11-21 12:38:09,183] {standard_task_runner.py:52} INFO - Started process 94144 to run task
[2021-11-21 12:38:09,206] {standard_task_runner.py:76} INFO - Running: ['airflow', 'tasks', 'run', 'example_bash_operator', 'run_after_loop', 'backfill__2021-11-21T00:00:00+00:00', '--job-id', '8', '--pool', 'default_pool', '--raw', '--subdir', '/Users/macca/Documents/airflow/venv/lib/python3.8/site-packages/airflow/example_dags/example_bash_operator.py', '--cfg-path', '/var/folders/ck/pshs4v1n6nz0jfq8lmbn24zc0000gn/T/tmpyyk78q41', '--error-file', '/var/folders/ck/pshs4v1n6nz0jfq8lmbn24zc0000gn/T/tmprkmk3p47']
[2021-11-21 12:38:09,215] {standard_task_runner.py:77} INFO - Job 8: Subtask run_after_loop
[2021-11-21 12:38:14,410] {logging_mixin.py:109} INFO - Running <TaskInstance: example_bash_operator.run_after_loop backfill__2021-11-21T00:00:00+00:00 [running]> on host MacBook-Pro-de-macca.local
[2021-11-21 12:38:19,542] {logging_mixin.py:109} WARNING - /Users/macca/Documents/airflow/venv/lib/python3.8/site-packages/airflow/models/xcom.py:323 SAWarning: TypeDecorator UtcDateTime(timezone=True) will not produce a cache key because the ``cache_ok`` flag is not set to True.  Set this flag to True if this type object's state is safe to use in a cache key, or False to disable this warning.
[2021-11-21 12:38:19,589] {logging_mixin.py:109} WARNING - /Users/macca/Documents/airflow/venv/lib/python3.8/site-packages/airflow/models/renderedtifields.py:126 SAWarning: TypeDecorator UtcDateTime(timezone=True) will not produce a cache key because the ``cache_ok`` flag is not set to True.  Set this flag to True if this type object's state is safe to use in a cache key, or False to disable this warning.
[2021-11-21 12:38:19,641] {logging_mixin.py:109} WARNING - /Users/macca/Documents/airflow/venv/lib/python3.8/site-packages/airflow/models/renderedtifields.py:162 SAWarning: Coercing Subquery object into a select() for use in IN(); please pass a select() construct explicitly
[2021-11-21 12:38:19,667] {logging_mixin.py:109} WARNING - /Users/macca/Documents/airflow/venv/lib/python3.8/site-packages/airflow/models/renderedtifields.py:159 SAWarning: TypeDecorator UtcDateTime(timezone=True) will not produce a cache key because the ``cache_ok`` flag is not set to True.  Set this flag to True if this type object's state is safe to use in a cache key, or False to disable this warning.
[2021-11-21 12:38:19,691] {taskinstance.py:1427} INFO - Exporting the following env vars:
AIRFLOW_CTX_DAG_OWNER=airflow
AIRFLOW_CTX_DAG_ID=example_bash_operator
AIRFLOW_CTX_TASK_ID=run_after_loop
AIRFLOW_CTX_EXECUTION_DATE=2021-11-21T00:00:00+00:00
AIRFLOW_CTX_DAG_RUN_ID=backfill__2021-11-21T00:00:00+00:00
[2021-11-21 12:38:19,695] {subprocess.py:62} INFO - Tmp dir root location: 
 /var/folders/ck/pshs4v1n6nz0jfq8lmbn24zc0000gn/T
[2021-11-21 12:38:19,700] {subprocess.py:74} INFO - Running command: ['bash', '-c', 'echo 1']
[2021-11-21 12:38:19,743] {subprocess.py:85} INFO - Output:
[2021-11-21 12:38:19,764] {subprocess.py:89} INFO - 1
[2021-11-21 12:38:19,767] {subprocess.py:93} INFO - Command exited with return code 0
[2021-11-21 12:38:19,801] {logging_mixin.py:109} WARNING - /Users/macca/Documents/airflow/venv/lib/python3.8/site-packages/airflow/models/xcom.py:103 SAWarning: TypeDecorator UtcDateTime(timezone=True) will not produce a cache key because the ``cache_ok`` flag is not set to True.  Set this flag to True if this type object's state is safe to use in a cache key, or False to disable this warning.
[2021-11-21 12:38:19,889] {taskinstance.py:1270} INFO - Marking task as SUCCESS. dag_id=example_bash_operator, task_id=run_after_loop, execution_date=20211121T000000, start_date=20211121T153809, end_date=20211121T153819
[2021-11-21 12:38:19,994] {local_task_job.py:154} INFO - Task exited with return code 0
[2021-11-21 12:38:20,093] {local_task_job.py:264} INFO - 0 downstream tasks scheduled from follow-on schedule check
[2021-11-21 12:38:20,109] {logging_mixin.py:109} WARNING - /Users/macca/Documents/airflow/venv/lib/python3.8/site-packages/airflow/models/dag.py:1076 SADeprecationWarning: Query.value() is deprecated and will be removed in a future release.  Please use Query.with_entities() in combination with Query.scalar() (deprecated since: 1.4)
[2021-11-21 12:38:20,115] {logging_mixin.py:109} WARNING - /Users/macca/Documents/airflow/venv/lib/python3.8/site-packages/airflow/models/dag.py:1076 SADeprecationWarning: Query.values() is deprecated and will be removed in a future release.  Please use Query.with_entities() (deprecated since: 1.4)
[2021-11-21 12:38:20,167] {dagrun.py:542} INFO - Marking run <DagRun example_bash_operator @ 2021-11-21 00:00:00+00:00: backfill__2021-11-21T00:00:00+00:00, externally triggered: False> successful
[2021-11-21 12:38:20,169] {dagrun.py:587} INFO - DagRun Finished: dag_id=example_bash_operator, execution_date=2021-11-21 00:00:00+00:00, run_id=backfill__2021-11-21T00:00:00+00:00, run_start_date=2021-11-21 15:34:28.169083+00:00, run_end_date=2021-11-21 15:38:20.169122+00:00, run_duration=232.000039, state=success, external_trigger=False, run_type=backfill, data_interval_start=2021-11-21 00:00:00+00:00, data_interval_end=2021-11-22 00:00:00+00:00, dag_hash=None
